<?xml version="1.0" encoding="UTF-8"?>
<!-- Generated by org.testng.reporters.JUnitXMLReporter -->
<testsuite ignored="0" hostname="Prem" failures="0" tests="3" name="Default test" time="25.038" errors="0" timestamp="2026-02-16T15:24:04 IST">
  <testcase classname="testNG.GetProductInfoTest" name="getProductinfoTest" time="8.622"/>
  <testcase classname="testNG.GetProductInfoTest" name="getProductinfoTest" time="7.307"/>
  <testcase classname="testNG.GetProductInfoTest" name="getProductinfoTest" time="7.957"/>
</testsuite> <!-- Default test -->
