<?xml version="1.0" encoding="UTF-8"?>
<!-- Generated by org.testng.reporters.JUnitXMLReporter -->
<testsuite ignored="0" hostname="LAPTOP-950S78O0" failures="0" tests="4" name="Test-2" time="88.674" errors="0" timestamp="2026-02-13T16:44:39 IST">
  <testcase classname="com.comcast.crm.orgtest.CreateOrganizationTest" name="DeleteOrgTest" time="27.985"/>
  <testcase classname="com.comcast.crm.orgtest.CreateOrganizationTest" name="createOrganizationTest" time="0.0">
    <skipped/>
  </testcase> <!-- createOrganizationTest -->
  <testcase classname="com.comcast.crm.orgtest.CreateOrganizationTest" name="createOrganizationWithPhoneNumberTest" time="0.0">
    <skipped/>
  </testcase> <!-- createOrganizationWithPhoneNumberTest -->
  <testcase classname="com.comcast.crm.orgtest.CreateOrganizationTest" name="createOrganizationWithindustriesTest" time="0.0">
    <skipped/>
  </testcase> <!-- createOrganizationWithindustriesTest -->
</testsuite> <!-- Test-2 -->
