<?xml version="1.0" encoding="UTF-8"?>
<testng-results ignored="0" total="1" passed="1" failed="0" skipped="0">
  <reporter-output>
  </reporter-output>
  <suite started-at="2026-02-18T10:55:53 IST" name="Default suite" finished-at="2026-02-18T10:55:58 IST" duration-ms="4898">
    <groups>
    </groups>
    <test started-at="2026-02-18T10:55:53 IST" name="Default test" finished-at="2026-02-18T10:55:58 IST" duration-ms="4898">
      <class name="testNG.ScreenshotAmazon">
        <test-method signature="amazonTest()[pri:0, instance:testNG.ScreenshotAmazon@47eaca72]" started-at="2026-02-18T10:55:53 IST" name="amazonTest" finished-at="2026-02-18T10:55:58 IST" duration-ms="4832" status="PASS">
          <reporter-output>
          </reporter-output>
        </test-method> <!-- amazonTest -->
      </class> <!-- testNG.ScreenshotAmazon -->
    </test> <!-- Default test -->
  </suite> <!-- Default suite -->
</testng-results>
