<?xml version="1.0" encoding="UTF-8"?>
<!-- Generated by org.testng.reporters.JUnitReportReporter -->
<testsuite hostname="Prem" failures="0" tests="5" name="testNG.PriorityTest" time="0.023" errors="0" timestamp="2026-02-16T08:53:35 IST" skipped="0">
  <testcase classname="testNG.PriorityTest" name="aTest" time="0.013"/>
  <testcase classname="testNG.PriorityTest" name="zTest" time="0.001"/>
  <testcase classname="testNG.PriorityTest" name="deleteContactTest" time="0.004"/>
  <testcase classname="testNG.PriorityTest" name="modifyContactTest" time="0.003"/>
  <testcase classname="testNG.PriorityTest" name="createContactTest" time="0.002"/>
</testsuite> <!-- testNG.PriorityTest -->
