<?xml version="1.0" encoding="UTF-8"?>
<!-- Generated by org.testng.reporters.JUnitReportReporter -->
<testsuite hostname="Prem" failures="0" tests="3" name="testNG.GetProductInfoTest" time="24.418" errors="0" timestamp="2026-02-16T15:05:19 IST" skipped="0">
  <testcase classname="testNG.GetProductInfoTest" name="getProductinfoTest" time="8.111"/>
  <testcase classname="testNG.GetProductInfoTest" name="getProductinfoTest" time="8.850"/>
  <testcase classname="testNG.GetProductInfoTest" name="getProductinfoTest" time="7.457"/>
</testsuite> <!-- testNG.GetProductInfoTest -->
