<?xml version="1.0" encoding="UTF-8"?>
<!-- Generated by org.testng.reporters.JUnitReportReporter -->
<testsuite hostname="Prem" failures="0" tests="3" name="testNG.orderTest" time="0.025" errors="0" timestamp="2026-02-14T12:20:25 IST" skipped="0">
  <testcase classname="testNG.orderTest" name="createOrderTest" time="0.002"/>
  <testcase classname="testNG.orderTest" name="deleteContactTest" time="0.003"/>
  <testcase classname="testNG.orderTest" name="amodifyContactTest" time="0.020"/>
</testsuite> <!-- testNG.orderTest -->
