<?xml version="1.0" encoding="UTF-8"?>
<!-- Generated by org.testng.reporters.JUnitReportReporter -->
<testsuite hostname="Prem" failures="0" tests="3" name="testNG.dependsOnMethodsTest" time="0.049" errors="0" timestamp="2026-02-16T08:58:10 IST" skipped="0">
  <testcase classname="testNG.dependsOnMethodsTest" name="createOrderTest" time="0.004"/>
  <testcase classname="testNG.dependsOnMethodsTest" name="deleteContactTest" time="0.013"/>
  <testcase classname="testNG.dependsOnMethodsTest" name="amodifyContactTest" time="0.032"/>
</testsuite> <!-- testNG.dependsOnMethodsTest -->
