<?xml version="1.0" encoding="UTF-8"?>
<!-- Generated by org.testng.reporters.JUnitReportReporter -->
<testsuite hostname="Prem" failures="0" tests="3" name="testNG.DataProviderTest1" time="0.017" errors="0" timestamp="2026-02-16T09:35:48 IST" skipped="0">
  <testcase classname="testNG.DataProviderTest1" name="createContactTest" time="0.002"/>
  <testcase classname="testNG.DataProviderTest1" name="createContactTest" time="0.013"/>
  <testcase classname="testNG.DataProviderTest1" name="createContactTest" time="0.002"/>
</testsuite> <!-- testNG.DataProviderTest1 -->
