<?xml version="1.0" encoding="UTF-8"?>
<!-- Generated by org.testng.reporters.JUnitReportReporter -->
<testsuite hostname="Prem" failures="0" tests="3" name="testNG.DataProviderTest" time="0.013" errors="0" timestamp="2026-02-16T09:04:21 IST" skipped="0">
  <testcase classname="testNG.DataProviderTest" name="createContactTest" time="0.001"/>
  <testcase classname="testNG.DataProviderTest" name="createContactTest" time="0.002"/>
  <testcase classname="testNG.DataProviderTest" name="createContactTest" time="0.010"/>
</testsuite> <!-- testNG.DataProviderTest -->
