<?xml version="1.0" encoding="UTF-8"?>
<!-- Generated by org.testng.reporters.JUnitReportReporter -->
<testsuite hostname="Prem" failures="0" tests="6" name="testNG.InvocationCountEx" time="0.016" errors="0" timestamp="2026-02-16T09:00:51 IST" skipped="1">
  <testcase classname="testNG.InvocationCountEx" name="createOrderTest" time="0.001"/>
  <testcase classname="testNG.InvocationCountEx" name="createOrderTest" time="0.002"/>
  <testcase classname="testNG.InvocationCountEx" name="createOrderTest" time="0.001"/>
  <testcase classname="testNG.InvocationCountEx" name="createOrderTest" time="0.011"/>
  <testcase classname="testNG.InvocationCountEx" name="createOrderTest" time="0.001"/>
  <testcase classname="testNG.InvocationCountEx" name="billingOrderTest">
    <skipped/>
  </testcase> <!-- billingOrderTest -->
</testsuite> <!-- testNG.InvocationCountEx -->
