<?xml version="1.0" encoding="UTF-8"?>
<testng-results ignored="0" total="3" passed="3" failed="0" skipped="0">
  <reporter-output>
  </reporter-output>
  <suite started-at="2026-02-16T15:23:39 IST" name="Default suite" finished-at="2026-02-16T15:24:04 IST" duration-ms="25038">
    <groups>
    </groups>
    <test started-at="2026-02-16T15:23:39 IST" name="Default test" finished-at="2026-02-16T15:24:04 IST" duration-ms="25038">
      <class name="testNG.GetProductInfoTest">
        <test-method signature="getProductinfoTest(java.lang.String,java.lang.String)[pri:0, instance:testNG.GetProductInfoTest@515c6049]" started-at="2026-02-16T15:23:40 IST" name="getProductinfoTest" data-provider="getData" finished-at="2026-02-16T15:23:49 IST" duration-ms="8622" status="PASS">
          <params>
            <param index="0">
              <value>
                <![CDATA[samsung]]>
              </value>
            </param>
            <param index="1">
              <value>
                <![CDATA[Galaxy M07 Mobile (Black, 4GB RAM, 64GB Storage) | MediaTek Helio G99 | AnTuTu 624K | IP54| 50MP Camera | 7.6mm Slim | 5000mAh Battery | 25W Fast Charging | 6 Gen OS Upgrades | Without Charger]]>
              </value>
            </param>
          </params>
          <reporter-output>
          </reporter-output>
        </test-method> <!-- getProductinfoTest -->
        <test-method signature="getProductinfoTest(java.lang.String,java.lang.String)[pri:0, instance:testNG.GetProductInfoTest@515c6049]" started-at="2026-02-16T15:23:49 IST" name="getProductinfoTest" data-provider="getData" finished-at="2026-02-16T15:23:56 IST" duration-ms="7307" status="PASS">
          <params>
            <param index="0">
              <value>
                <![CDATA[samsung]]>
              </value>
            </param>
            <param index="1">
              <value>
                <![CDATA[Galaxy S25 Plus 5G (12GB RAM + 256GB Storage) Navy]]>
              </value>
            </param>
          </params>
          <reporter-output>
          </reporter-output>
        </test-method> <!-- getProductinfoTest -->
        <test-method signature="getProductinfoTest(java.lang.String,java.lang.String)[pri:0, instance:testNG.GetProductInfoTest@515c6049]" started-at="2026-02-16T15:23:56 IST" name="getProductinfoTest" data-provider="getData" finished-at="2026-02-16T15:24:04 IST" duration-ms="7957" status="PASS">
          <params>
            <param index="0">
              <value>
                <![CDATA[samsung]]>
              </value>
            </param>
            <param index="1">
              <value>
                <![CDATA[Galaxy S25 Ultra 5G Mobile with Galaxy AI (Titanium Whitesilver, 12GB RAM, 256GB Storage),Titanium Frame,Ultra Gaming with Snapdragon 8 Elite,200MP Camera with ProVisual Engine,5000mAh Battery]]>
              </value>
            </param>
          </params>
          <reporter-output>
          </reporter-output>
        </test-method> <!-- getProductinfoTest -->
      </class> <!-- testNG.GetProductInfoTest -->
    </test> <!-- Default test -->
  </suite> <!-- Default suite -->
</testng-results>
