<?xml version="1.0" encoding="UTF-8"?>
<!-- Generated by org.testng.reporters.JUnitReportReporter -->
<testsuite hostname="Prem" failures="0" tests="3" name="testNG.GetProductInfoTest" time="23.886" errors="0" timestamp="2026-02-16T15:24:04 IST" skipped="0">
  <testcase classname="testNG.GetProductInfoTest" name="getProductinfoTest" time="8.622"/>
  <testcase classname="testNG.GetProductInfoTest" name="getProductinfoTest" time="7.307"/>
  <testcase classname="testNG.GetProductInfoTest" name="getProductinfoTest" time="7.957"/>
</testsuite> <!-- testNG.GetProductInfoTest -->
