<?xml version="1.0" encoding="UTF-8"?>
<testng-results ignored="0" total="1" passed="1" failed="0" skipped="0">
  <reporter-output>
  </reporter-output>
  <suite started-at="2026-02-15T23:33:12 IST" name="Default suite" finished-at="2026-02-15T23:33:13 IST" duration-ms="962">
    <groups>
    </groups>
    <test started-at="2026-02-15T23:33:12 IST" name="Default test" finished-at="2026-02-15T23:33:13 IST" duration-ms="962">
      <class name="excelDataDriven.DemoTest2">
        <test-method signature="ecxelDemoTest()[pri:0, instance:excelDataDriven.DemoTest2@4c583ecf]" started-at="2026-02-15T23:33:12 IST" name="ecxelDemoTest" finished-at="2026-02-15T23:33:13 IST" duration-ms="885" status="PASS">
          <reporter-output>
          </reporter-output>
        </test-method> <!-- ecxelDemoTest -->
      </class> <!-- excelDataDriven.DemoTest2 -->
    </test> <!-- Default test -->
  </suite> <!-- Default suite -->
</testng-results>
