<?xml version="1.0" encoding="UTF-8"?>
<testng-results ignored="0" total="1" passed="1" failed="0" skipped="0">
  <reporter-output>
  </reporter-output>
  <suite started-at="2026-02-08T22:44:26 IST" name="Surefire suite" finished-at="2026-02-08T22:45:53 IST" duration-ms="87532">
    <groups>
    </groups>
    <test started-at="2026-02-08T22:44:26 IST" name="Surefire test" finished-at="2026-02-08T22:45:53 IST" duration-ms="87532">
      <class name="cmd_dataDriven.SeleniumRunTImeParams">
        <test-method signature="seleniumTest()[pri:0, instance:cmd_dataDriven.SeleniumRunTImeParams@75f9eccc]" started-at="2026-02-08T22:44:26 IST" name="seleniumTest" finished-at="2026-02-08T22:45:53 IST" duration-ms="87466" status="PASS">
          <reporter-output>
          </reporter-output>
        </test-method> <!-- seleniumTest -->
      </class> <!-- cmd_dataDriven.SeleniumRunTImeParams -->
    </test> <!-- Surefire test -->
  </suite> <!-- Surefire suite -->
</testng-results>
