<?xml version="1.0" encoding="UTF-8"?>
<testng-results ignored="0" total="3" passed="3" failed="0" skipped="0">
  <reporter-output>
  </reporter-output>
  <suite started-at="2026-02-25T16:19:49 IST" name="Default suite" finished-at="2026-02-25T16:21:23 IST" duration-ms="93731">
    <groups>
      <group name="regressionTest">
        <method signature="CreateContactTest.createContactTest()[pri:0, instance:com.comcast.crm.contacttest.CreateContactTest@26794848]" name="createContactTest" class="com.comcast.crm.contacttest.CreateContactTest"/>
        <method signature="CreateContactTest.createContactWithOrgTest()[pri:0, instance:com.comcast.crm.contacttest.CreateContactTest@26794848]" name="createContactWithOrgTest" class="com.comcast.crm.contacttest.CreateContactTest"/>
        <method signature="CreateContactTest.createContactWithSupportDateTest()[pri:0, instance:com.comcast.crm.contacttest.CreateContactTest@26794848]" name="createContactWithSupportDateTest" class="com.comcast.crm.contacttest.CreateContactTest"/>
      </group> <!-- regressionTest -->
      <group name="smokeTest">
        <method signature="CreateContactTest.createContactTest()[pri:0, instance:com.comcast.crm.contacttest.CreateContactTest@26794848]" name="createContactTest" class="com.comcast.crm.contacttest.CreateContactTest"/>
      </group> <!-- smokeTest -->
    </groups>
    <test started-at="2026-02-25T16:19:49 IST" name="Default test" finished-at="2026-02-25T16:21:23 IST" duration-ms="93731">
      <class name="com.comcast.crm.contacttest.CreateContactTest">
        <test-method is-config="true" signature="configBS()[pri:0, instance:com.comcast.crm.contacttest.CreateContactTest@26794848]" started-at="2026-02-25T16:19:47 IST" name="configBS" finished-at="2026-02-25T16:19:49 IST" duration-ms="2108" status="PASS">
          <reporter-output>
          </reporter-output>
        </test-method> <!-- configBS -->
        <test-method is-config="true" signature="configBC()[pri:0, instance:com.comcast.crm.contacttest.CreateContactTest@26794848]" started-at="2026-02-25T16:19:49 IST" name="configBC" finished-at="2026-02-25T16:20:12 IST" duration-ms="22657" status="PASS">
          <reporter-output>
          </reporter-output>
        </test-method> <!-- configBC -->
        <test-method is-config="true" signature="configBM()[pri:0, instance:com.comcast.crm.contacttest.CreateContactTest@26794848]" started-at="2026-02-25T16:20:12 IST" name="configBM" finished-at="2026-02-25T16:20:29 IST" duration-ms="16644" status="PASS">
          <reporter-output>
          </reporter-output>
        </test-method> <!-- configBM -->
        <test-method signature="createContactTest()[pri:0, instance:com.comcast.crm.contacttest.CreateContactTest@26794848]" started-at="2026-02-25T16:20:29 IST" name="createContactTest" finished-at="2026-02-25T16:20:40 IST" duration-ms="10916" status="PASS">
          <reporter-output>
          </reporter-output>
        </test-method> <!-- createContactTest -->
        <test-method is-config="true" signature="configAM()[pri:0, instance:com.comcast.crm.contacttest.CreateContactTest@26794848]" started-at="2026-02-25T16:20:40 IST" name="configAM" finished-at="2026-02-25T16:20:41 IST" duration-ms="1328" status="PASS">
          <reporter-output>
          </reporter-output>
        </test-method> <!-- configAM -->
        <test-method is-config="true" signature="configBM()[pri:0, instance:com.comcast.crm.contacttest.CreateContactTest@26794848]" started-at="2026-02-25T16:20:41 IST" name="configBM" finished-at="2026-02-25T16:20:46 IST" duration-ms="4613" status="PASS">
          <reporter-output>
          </reporter-output>
        </test-method> <!-- configBM -->
        <test-method signature="createContactWithOrgTest()[pri:0, instance:com.comcast.crm.contacttest.CreateContactTest@26794848]" started-at="2026-02-25T16:20:46 IST" name="createContactWithOrgTest" finished-at="2026-02-25T16:21:02 IST" duration-ms="16560" status="PASS">
          <reporter-output>
          </reporter-output>
        </test-method> <!-- createContactWithOrgTest -->
        <test-method is-config="true" signature="configAM()[pri:0, instance:com.comcast.crm.contacttest.CreateContactTest@26794848]" started-at="2026-02-25T16:21:02 IST" name="configAM" finished-at="2026-02-25T16:21:03 IST" duration-ms="766" status="PASS">
          <reporter-output>
          </reporter-output>
        </test-method> <!-- configAM -->
        <test-method is-config="true" signature="configBM()[pri:0, instance:com.comcast.crm.contacttest.CreateContactTest@26794848]" started-at="2026-02-25T16:21:03 IST" name="configBM" finished-at="2026-02-25T16:21:07 IST" duration-ms="4542" status="PASS">
          <reporter-output>
          </reporter-output>
        </test-method> <!-- configBM -->
        <test-method signature="createContactWithSupportDateTest()[pri:0, instance:com.comcast.crm.contacttest.CreateContactTest@26794848]" started-at="2026-02-25T16:21:07 IST" name="createContactWithSupportDateTest" finished-at="2026-02-25T16:21:22 IST" duration-ms="14414" status="PASS">
          <reporter-output>
          </reporter-output>
        </test-method> <!-- createContactWithSupportDateTest -->
        <test-method is-config="true" signature="configAM()[pri:0, instance:com.comcast.crm.contacttest.CreateContactTest@26794848]" started-at="2026-02-25T16:21:22 IST" name="configAM" finished-at="2026-02-25T16:21:23 IST" duration-ms="933" status="PASS">
          <reporter-output>
          </reporter-output>
        </test-method> <!-- configAM -->
        <test-method is-config="true" signature="configAC()[pri:0, instance:com.comcast.crm.contacttest.CreateContactTest@26794848]" started-at="2026-02-25T16:21:23 IST" name="configAC" finished-at="2026-02-25T16:21:23 IST" duration-ms="302" status="PASS">
          <reporter-output>
          </reporter-output>
        </test-method> <!-- configAC -->
        <test-method is-config="true" signature="configAS()[pri:0, instance:com.comcast.crm.contacttest.CreateContactTest@26794848]" started-at="2026-02-25T16:21:23 IST" name="configAS" finished-at="2026-02-25T16:21:23 IST" duration-ms="6" status="PASS">
          <reporter-output>
          </reporter-output>
        </test-method> <!-- configAS -->
      </class> <!-- com.comcast.crm.contacttest.CreateContactTest -->
    </test> <!-- Default test -->
  </suite> <!-- Default suite -->
</testng-results>
