<?xml version="1.0" encoding="UTF-8"?>
<!-- Generated by org.testng.reporters.JUnitReportReporter -->
<testsuite hostname="LAPTOP-950S78O0" failures="0" tests="1" name="com.comcast.crm.contacttest.CreateContactWithSupportDateTest" time="79.923" errors="0" timestamp="2026-02-12T12:23:37 IST" skipped="0">
  <testcase classname="com.comcast.crm.contacttest.CreateContactWithSupportDateTest" name="runtimeParameterTest" time="79.923"/>
</testsuite> <!-- com.comcast.crm.contacttest.CreateContactWithSupportDateTest -->
