<?xml version="1.0" encoding="UTF-8"?>
<!-- Generated by org.testng.reporters.JUnitReportReporter -->
<testsuite hostname="LAPTOP-950S78O0" failures="0" tests="1" name="com.comcast.crm.orgtest.CreateOrganizationWithindustriesTest" time="78.478" errors="0" timestamp="2026-02-13T12:51:38 IST" skipped="0">
  <testcase classname="com.comcast.crm.orgtest.CreateOrganizationWithindustriesTest" name="createOrganizationWithindustriesTest" time="78.478"/>
</testsuite> <!-- com.comcast.crm.orgtest.CreateOrganizationWithindustriesTest -->
