<?xml version="1.0" encoding="UTF-8"?>
<!-- Generated by org.testng.reporters.JUnitReportReporter -->
<testsuite hostname="LAPTOP-950S78O0" failures="0" tests="3" name="com.comcast.crm.contacttest.CreateContactTest" time="70.716" errors="0" timestamp="2026-02-25T16:21:23 IST" skipped="0">
  <testcase classname="com.comcast.crm.contacttest.CreateContactTest" name="createContactWithSupportDateTest" time="19.960"/>
  <testcase classname="com.comcast.crm.contacttest.CreateContactTest" name="createContactTest" time="28.888"/>
  <testcase classname="com.comcast.crm.contacttest.CreateContactTest" name="createContactWithOrgTest" time="21.868"/>
</testsuite> <!-- com.comcast.crm.contacttest.CreateContactTest -->
